app/build/intermediates/manifest_merge_blame_file/debug/manifest-merger-blame-debug-report.txt
1<?xml version="1.0" encoding="utf-8"?>
2<manifest xmlns:android="http://schemas.android.com/apk/res/android"
3    package="com.yourname.dynamicnotch"
4    android:versionCode="1"
5    android:versionName="1.0" >
6
7    <uses-sdk
8        android:minSdkVersion="29"
9        android:targetSdkVersion="34" />
10
11    <uses-permission android:name="android.permission.SYSTEM_ALERT_WINDOW" />
11-->src\main\AndroidManifest.xml:4:5-78
11-->src\main\AndroidManifest.xml:4:22-75
12    <uses-permission android:name="android.permission.FOREGROUND_SERVICE" />
12-->src\main\AndroidManifest.xml:5:5-77
12-->src\main\AndroidManifest.xml:5:22-74
13    <uses-permission android:name="android.permission.FOREGROUND_SERVICE_MEDIA_PLAYBACK" />
13-->src\main\AndroidManifest.xml:6:5-92
13-->src\main\AndroidManifest.xml:6:22-89
14    <uses-permission android:name="android.permission.RECEIVE_BOOT_COMPLETED" />
14-->src\main\AndroidManifest.xml:7:5-81
14-->src\main\AndroidManifest.xml:7:22-78
15    <uses-permission android:name="android.permission.BIND_NOTIFICATION_LISTENER_SERVICE" />
15-->src\main\AndroidManifest.xml:8:5-93
15-->src\main\AndroidManifest.xml:8:22-90
16
17    <permission
17-->[androidx.core:core:1.12.0] AndroidManifest.xml:22:5-24:47
18        android:name="com.yourname.dynamicnotch.DYNAMIC_RECEIVER_NOT_EXPORTED_PERMISSION"
18-->[androidx.core:core:1.12.0] AndroidManifest.xml:23:9-81
19        android:protectionLevel="signature" />
19-->[androidx.core:core:1.12.0] AndroidManifest.xml:24:9-44
20
21    <uses-permission android:name="com.yourname.dynamicnotch.DYNAMIC_RECEIVER_NOT_EXPORTED_PERMISSION" />
21-->[androidx.core:core:1.12.0] AndroidManifest.xml:26:5-97
21-->[androidx.core:core:1.12.0] AndroidManifest.xml:26:22-94
22
23    <application
23-->src\main\AndroidManifest.xml:10:5-45:19
24        android:appComponentFactory="androidx.core.app.CoreComponentFactory"
24-->[androidx.core:core:1.12.0] AndroidManifest.xml:28:18-86
25        android:debuggable="true"
26        android:extractNativeLibs="false"
27        android:label="DynamicNotch"
27-->src\main\AndroidManifest.xml:11:9-37
28        android:theme="@style/Theme.MaterialComponents.DayNight.NoActionBar" >
28-->src\main\AndroidManifest.xml:12:9-77
29        <activity
29-->src\main\AndroidManifest.xml:14:9-21:20
30            android:name="com.yourname.dynamicnotch.MainActivity"
30-->src\main\AndroidManifest.xml:15:13-41
31            android:exported="true" >
31-->src\main\AndroidManifest.xml:16:13-36
32            <intent-filter>
32-->src\main\AndroidManifest.xml:17:13-20:29
33                <action android:name="android.intent.action.MAIN" />
33-->src\main\AndroidManifest.xml:18:17-69
33-->src\main\AndroidManifest.xml:18:25-66
34
35                <category android:name="android.intent.category.LAUNCHER" />
35-->src\main\AndroidManifest.xml:19:17-77
35-->src\main\AndroidManifest.xml:19:27-74
36            </intent-filter>
37        </activity>
38
39        <service
39-->src\main\AndroidManifest.xml:23:9-26:40
40            android:name="com.yourname.dynamicnotch.OverlayService"
40-->src\main\AndroidManifest.xml:24:13-43
41            android:exported="false"
41-->src\main\AndroidManifest.xml:26:13-37
42            android:foregroundServiceType="mediaPlayback" />
42-->src\main\AndroidManifest.xml:25:13-58
43        <service
43-->src\main\AndroidManifest.xml:28:9-35:19
44            android:name="com.yourname.dynamicnotch.NotificationListener"
44-->src\main\AndroidManifest.xml:29:13-49
45            android:exported="true"
45-->src\main\AndroidManifest.xml:30:13-36
46            android:permission="android.permission.BIND_NOTIFICATION_LISTENER_SERVICE" >
46-->src\main\AndroidManifest.xml:31:13-87
47            <intent-filter>
47-->src\main\AndroidManifest.xml:32:13-34:29
48                <action android:name="android.service.notification.NotificationListenerService" />
48-->src\main\AndroidManifest.xml:33:17-99
48-->src\main\AndroidManifest.xml:33:25-96
49            </intent-filter>
50        </service>
51
52        <receiver
52-->src\main\AndroidManifest.xml:37:9-43:20
53            android:name="com.yourname.dynamicnotch.BootReceiver"
53-->src\main\AndroidManifest.xml:38:13-41
54            android:exported="true" >
54-->src\main\AndroidManifest.xml:39:13-36
55            <intent-filter>
55-->src\main\AndroidManifest.xml:40:13-42:29
56                <action android:name="android.intent.action.BOOT_COMPLETED" />
56-->src\main\AndroidManifest.xml:41:17-79
56-->src\main\AndroidManifest.xml:41:25-76
57            </intent-filter>
58        </receiver>
59
60        <provider
60-->[androidx.emoji2:emoji2:1.2.0] AndroidManifest.xml:24:9-32:20
61            android:name="androidx.startup.InitializationProvider"
61-->[androidx.emoji2:emoji2:1.2.0] AndroidManifest.xml:25:13-67
62            android:authorities="com.yourname.dynamicnotch.androidx-startup"
62-->[androidx.emoji2:emoji2:1.2.0] AndroidManifest.xml:26:13-68
63            android:exported="false" >
63-->[androidx.emoji2:emoji2:1.2.0] AndroidManifest.xml:27:13-37
64            <meta-data
64-->[androidx.emoji2:emoji2:1.2.0] AndroidManifest.xml:29:13-31:52
65                android:name="androidx.emoji2.text.EmojiCompatInitializer"
65-->[androidx.emoji2:emoji2:1.2.0] AndroidManifest.xml:30:17-75
66                android:value="androidx.startup" />
66-->[androidx.emoji2:emoji2:1.2.0] AndroidManifest.xml:31:17-49
67            <meta-data
67-->[androidx.lifecycle:lifecycle-process:2.6.1] AndroidManifest.xml:29:13-31:52
68                android:name="androidx.lifecycle.ProcessLifecycleInitializer"
68-->[androidx.lifecycle:lifecycle-process:2.6.1] AndroidManifest.xml:30:17-78
69                android:value="androidx.startup" />
69-->[androidx.lifecycle:lifecycle-process:2.6.1] AndroidManifest.xml:31:17-49
70            <meta-data
70-->[androidx.profileinstaller:profileinstaller:1.3.0] AndroidManifest.xml:29:13-31:52
71                android:name="androidx.profileinstaller.ProfileInstallerInitializer"
71-->[androidx.profileinstaller:profileinstaller:1.3.0] AndroidManifest.xml:30:17-85
72                android:value="androidx.startup" />
72-->[androidx.profileinstaller:profileinstaller:1.3.0] AndroidManifest.xml:31:17-49
73        </provider>
74
75        <receiver
75-->[androidx.profileinstaller:profileinstaller:1.3.0] AndroidManifest.xml:34:9-52:20
76            android:name="androidx.profileinstaller.ProfileInstallReceiver"
76-->[androidx.profileinstaller:profileinstaller:1.3.0] AndroidManifest.xml:35:13-76
77            android:directBootAware="false"
77-->[androidx.profileinstaller:profileinstaller:1.3.0] AndroidManifest.xml:36:13-44
78            android:enabled="true"
78-->[androidx.profileinstaller:profileinstaller:1.3.0] AndroidManifest.xml:37:13-35
79            android:exported="true"
79-->[androidx.profileinstaller:profileinstaller:1.3.0] AndroidManifest.xml:38:13-36
80            android:permission="android.permission.DUMP" >
80-->[androidx.profileinstaller:profileinstaller:1.3.0] AndroidManifest.xml:39:13-57
81            <intent-filter>
81-->[androidx.profileinstaller:profileinstaller:1.3.0] AndroidManifest.xml:40:13-42:29
82                <action android:name="androidx.profileinstaller.action.INSTALL_PROFILE" />
82-->[androidx.profileinstaller:profileinstaller:1.3.0] AndroidManifest.xml:41:17-91
82-->[androidx.profileinstaller:profileinstaller:1.3.0] AndroidManifest.xml:41:25-88
83            </intent-filter>
84            <intent-filter>
84-->[androidx.profileinstaller:profileinstaller:1.3.0] AndroidManifest.xml:43:13-45:29
85                <action android:name="androidx.profileinstaller.action.SKIP_FILE" />
85-->[androidx.profileinstaller:profileinstaller:1.3.0] AndroidManifest.xml:44:17-85
85-->[androidx.profileinstaller:profileinstaller:1.3.0] AndroidManifest.xml:44:25-82
86            </intent-filter>
87            <intent-filter>
87-->[androidx.profileinstaller:profileinstaller:1.3.0] AndroidManifest.xml:46:13-48:29
88                <action android:name="androidx.profileinstaller.action.SAVE_PROFILE" />
88-->[androidx.profileinstaller:profileinstaller:1.3.0] AndroidManifest.xml:47:17-88
88-->[androidx.profileinstaller:profileinstaller:1.3.0] AndroidManifest.xml:47:25-85
89            </intent-filter>
90            <intent-filter>
90-->[androidx.profileinstaller:profileinstaller:1.3.0] AndroidManifest.xml:49:13-51:29
91                <action android:name="androidx.profileinstaller.action.BENCHMARK_OPERATION" />
91-->[androidx.profileinstaller:profileinstaller:1.3.0] AndroidManifest.xml:50:17-95
91-->[androidx.profileinstaller:profileinstaller:1.3.0] AndroidManifest.xml:50:25-92
92            </intent-filter>
93        </receiver>
94    </application>
95
96</manifest>